[debug] [2024-10-06T14:45:40.135Z] ----------------------------------------------------------------------
[debug] [2024-10-06T14:45:40.136Z] Command:       /usr/local/bin/node /opt/homebrew/bin/firebase deploy --only hosting --debug
[debug] [2024-10-06T14:45:40.136Z] CLI Version:   13.20.2
[debug] [2024-10-06T14:45:40.136Z] Platform:      darwin
[debug] [2024-10-06T14:45:40.136Z] Node Version:  v20.18.0
[debug] [2024-10-06T14:45:40.136Z] Time:          Sun Oct 06 2024 08:45:40 GMT-0600 (Mountain Daylight Time)
[debug] [2024-10-06T14:45:40.136Z] ----------------------------------------------------------------------
[debug] 
[debug] [2024-10-06T14:45:40.166Z] > command requires scopes: ["email","openid","https://www.googleapis.com/auth/cloudplatformprojects.readonly","https://www.googleapis.com/auth/firebase","https://www.googleapis.com/auth/cloud-platform"]
[debug] [2024-10-06T14:45:40.167Z] > authorizing via signed-in user (admoseremic@gmail.com)
[debug] [2024-10-06T14:45:40.167Z] [iam] checking project summit-games-a1f9f for permissions ["firebase.projects.get","firebasehosting.sites.update"]
[debug] [2024-10-06T14:45:40.167Z] Checked if tokens are valid: true, expires at: 1728227777813
[debug] [2024-10-06T14:45:40.167Z] Checked if tokens are valid: true, expires at: 1728227777813
[debug] [2024-10-06T14:45:40.168Z] >>> [apiv2][query] POST https://cloudresourcemanager.googleapis.com/v1/projects/summit-games-a1f9f:testIamPermissions [none]
[debug] [2024-10-06T14:45:40.168Z] >>> [apiv2][(partial)header] POST https://cloudresourcemanager.googleapis.com/v1/projects/summit-games-a1f9f:testIamPermissions x-goog-quota-user=projects/summit-games-a1f9f
[debug] [2024-10-06T14:45:40.168Z] >>> [apiv2][body] POST https://cloudresourcemanager.googleapis.com/v1/projects/summit-games-a1f9f:testIamPermissions {"permissions":["firebase.projects.get","firebasehosting.sites.update"]}
[debug] [2024-10-06T14:45:40.436Z] <<< [apiv2][status] POST https://cloudresourcemanager.googleapis.com/v1/projects/summit-games-a1f9f:testIamPermissions 200
[debug] [2024-10-06T14:45:40.436Z] <<< [apiv2][body] POST https://cloudresourcemanager.googleapis.com/v1/projects/summit-games-a1f9f:testIamPermissions {"permissions":["firebase.projects.get","firebasehosting.sites.update"]}
[debug] [2024-10-06T14:45:40.437Z] Checked if tokens are valid: true, expires at: 1728227777813
[debug] [2024-10-06T14:45:40.437Z] Checked if tokens are valid: true, expires at: 1728227777813
[debug] [2024-10-06T14:45:40.438Z] >>> [apiv2][query] GET https://firebase.googleapis.com/v1beta1/projects/summit-games-a1f9f [none]
[debug] [2024-10-06T14:45:40.894Z] <<< [apiv2][status] GET https://firebase.googleapis.com/v1beta1/projects/summit-games-a1f9f 200
[debug] [2024-10-06T14:45:40.894Z] <<< [apiv2][body] GET https://firebase.googleapis.com/v1beta1/projects/summit-games-a1f9f {"projectId":"summit-games-a1f9f","projectNumber":"441105165656","displayName":"Summit Games","name":"projects/summit-games-a1f9f","resources":{"hostingSite":"summit-games-a1f9f","realtimeDatabaseInstance":"summit-games-a1f9f-default-rtdb"},"state":"ACTIVE","etag":"1_2073a934-fbc8-427e-beff-9251f59db806"}
[info] 
[info] === Deploying to 'summit-games-a1f9f'...
[info] 
[info] i  deploying hosting 
[debug] [2024-10-06T14:45:40.900Z] Checked if tokens are valid: true, expires at: 1728227777813
[debug] [2024-10-06T14:45:40.900Z] Checked if tokens are valid: true, expires at: 1728227777813
[debug] [2024-10-06T14:45:40.901Z] >>> [apiv2][query] POST https://firebasehosting.googleapis.com/v1beta1/projects/-/sites/summit-games-a1f9f/versions [none]
[debug] [2024-10-06T14:45:40.901Z] >>> [apiv2][body] POST https://firebasehosting.googleapis.com/v1beta1/projects/-/sites/summit-games-a1f9f/versions {"status":"CREATED","labels":{"deployment-tool":"cli-firebase"}}
[debug] [2024-10-06T14:45:42.098Z] <<< [apiv2][status] POST https://firebasehosting.googleapis.com/v1beta1/projects/-/sites/summit-games-a1f9f/versions 200
[debug] [2024-10-06T14:45:42.098Z] <<< [apiv2][body] POST https://firebasehosting.googleapis.com/v1beta1/projects/-/sites/summit-games-a1f9f/versions {"name":"projects/441105165656/sites/summit-games-a1f9f/versions/d9ef4eafa751536b","status":"CREATED","config":{},"labels":{"deployment-tool":"cli-firebase"}}
[info] i  hosting[summit-games-a1f9f]: beginning deploy... 
[info] i  hosting[summit-games-a1f9f]: found 2 files in public 
[debug] [2024-10-06T14:45:42.110Z] [hosting] uploading with 200 concurrency
[debug] [2024-10-06T14:45:42.112Z] Checked if tokens are valid: true, expires at: 1728227777813
[debug] [2024-10-06T14:45:42.112Z] Checked if tokens are valid: true, expires at: 1728227777813
[debug] [2024-10-06T14:45:42.113Z] [hosting] hash cache [cHVibGlj] stored for 2 files
[debug] [2024-10-06T14:45:42.113Z] [hosting][hash queue][FINAL] {"max":0,"min":0,"avg":0,"active":0,"complete":2,"success":2,"errored":0,"retried":0,"total":2,"elapsed":1}
[debug] [2024-10-06T14:45:42.113Z] >>> [apiv2][query] POST https://firebasehosting.googleapis.com/v1beta1/projects/441105165656/sites/summit-games-a1f9f/versions/d9ef4eafa751536b:populateFiles [none]
[debug] [2024-10-06T14:45:42.113Z] >>> [apiv2][body] POST https://firebasehosting.googleapis.com/v1beta1/projects/441105165656/sites/summit-games-a1f9f/versions/d9ef4eafa751536b:populateFiles {"files":{"/index.html":"9e84585153abf832e8fa4b1c16b7fa61c0e0c049345232557020e55d0a9cec28","/app.js":"d6733a48f84168d174afcb7a1574a96aba654fe79a2bd7d58116ba6b7294d375"}}
[debug] [2024-10-06T14:45:42.601Z] <<< [apiv2][status] POST https://firebasehosting.googleapis.com/v1beta1/projects/441105165656/sites/summit-games-a1f9f/versions/d9ef4eafa751536b:populateFiles 200
[debug] [2024-10-06T14:45:42.601Z] <<< [apiv2][body] POST https://firebasehosting.googleapis.com/v1beta1/projects/441105165656/sites/summit-games-a1f9f/versions/d9ef4eafa751536b:populateFiles {"uploadUrl":"https://upload-firebasehosting.googleapis.com/upload/sites/summit-games-a1f9f/versions/d9ef4eafa751536b/files"}
[debug] [2024-10-06T14:45:42.601Z] [hosting][populate queue][FINAL] {"max":489,"min":489,"avg":489,"active":0,"complete":1,"success":1,"errored":0,"retried":0,"total":1,"elapsed":489}
[debug] [2024-10-06T14:45:42.602Z] [hosting] uploads queued: 0
[debug] [2024-10-06T14:45:42.602Z] [hosting][upload queue][FINAL] {"max":0,"min":9999999999,"avg":0,"active":0,"complete":0,"success":0,"errored":0,"retried":0,"total":0,"elapsed":1728225942602}
[info] i  hosting: upload complete 
[info] ✔  hosting[summit-games-a1f9f]: file upload complete 
[debug] [2024-10-06T14:45:42.603Z] [hosting] deploy completed after 502ms
[debug] [2024-10-06T14:45:42.603Z] [
  {
    "config": {
      "public": "public",
      "ignore": [
        "firebase.json",
        "**/.*",
        "**/node_modules/**"
      ],
      "site": "summit-games-a1f9f"
    },
    "version": "projects/441105165656/sites/summit-games-a1f9f/versions/d9ef4eafa751536b"
  }
]
[info] i  hosting[summit-games-a1f9f]: finalizing version... 
[debug] [2024-10-06T14:45:42.604Z] Checked if tokens are valid: true, expires at: 1728227777813
[debug] [2024-10-06T14:45:42.604Z] Checked if tokens are valid: true, expires at: 1728227777813
[debug] [2024-10-06T14:45:42.605Z] >>> [apiv2][query] PATCH https://firebasehosting.googleapis.com/v1beta1/projects/-/sites/summit-games-a1f9f/versions/d9ef4eafa751536b updateMask=status%2Cconfig
[debug] [2024-10-06T14:45:42.605Z] >>> [apiv2][body] PATCH https://firebasehosting.googleapis.com/v1beta1/projects/-/sites/summit-games-a1f9f/versions/d9ef4eafa751536b {"status":"FINALIZED","config":{}}
[debug] [2024-10-06T14:45:43.174Z] <<< [apiv2][status] PATCH https://firebasehosting.googleapis.com/v1beta1/projects/-/sites/summit-games-a1f9f/versions/d9ef4eafa751536b 200
[debug] [2024-10-06T14:45:43.174Z] <<< [apiv2][body] PATCH https://firebasehosting.googleapis.com/v1beta1/projects/-/sites/summit-games-a1f9f/versions/d9ef4eafa751536b {"name":"projects/441105165656/sites/summit-games-a1f9f/versions/d9ef4eafa751536b","status":"FINALIZED","config":{},"labels":{"deployment-tool":"cli-firebase"},"createTime":"2024-10-06T14:45:41.366712Z","createUser":{"email":"admoseremic@gmail.com"},"finalizeTime":"2024-10-06T14:45:43.057451Z","finalizeUser":{"email":"admoseremic@gmail.com"}}
[debug] [2024-10-06T14:45:43.174Z] [hosting] finalized version for summit-games-a1f9f:[object Object]
[info] ✔  hosting[summit-games-a1f9f]: version finalized 
[info] i  hosting[summit-games-a1f9f]: releasing new version... 
[debug] [2024-10-06T14:45:43.175Z] Checked if tokens are valid: true, expires at: 1728227777813
[debug] [2024-10-06T14:45:43.175Z] Checked if tokens are valid: true, expires at: 1728227777813
[debug] [2024-10-06T14:45:43.176Z] >>> [apiv2][query] POST https://firebasehosting.googleapis.com/v1beta1/projects/-/sites/summit-games-a1f9f/channels/live/releases versionName=projects%2F441105165656%2Fsites%2Fsummit-games-a1f9f%2Fversions%2Fd9ef4eafa751536b
[debug] [2024-10-06T14:45:43.176Z] >>> [apiv2][body] POST https://firebasehosting.googleapis.com/v1beta1/projects/-/sites/summit-games-a1f9f/channels/live/releases {}
[debug] [2024-10-06T14:45:43.906Z] <<< [apiv2][status] POST https://firebasehosting.googleapis.com/v1beta1/projects/-/sites/summit-games-a1f9f/channels/live/releases 200
[debug] [2024-10-06T14:45:43.907Z] <<< [apiv2][body] POST https://firebasehosting.googleapis.com/v1beta1/projects/-/sites/summit-games-a1f9f/channels/live/releases {"name":"projects/441105165656/sites/summit-games-a1f9f/channels/live/releases/1728225943142000","version":{"name":"projects/441105165656/sites/summit-games-a1f9f/versions/d9ef4eafa751536b","status":"FINALIZED","config":{},"labels":{"deployment-tool":"cli-firebase"},"createTime":"2024-10-06T14:45:41.366712Z","createUser":{"email":"admoseremic@gmail.com","imageUrl":"https://lh3.googleusercontent.com/a/ACg8ocJSGOadFTnXQVPP3hzQtWx3WKaOR3bOf7tDysuFjznlwivmQXcn"},"finalizeTime":"2024-10-06T14:45:43.057451Z","finalizeUser":{"email":"admoseremic@gmail.com","imageUrl":"https://lh3.googleusercontent.com/a/ACg8ocJSGOadFTnXQVPP3hzQtWx3WKaOR3bOf7tDysuFjznlwivmQXcn"}},"type":"DEPLOY","releaseTime":"2024-10-06T14:45:43.142Z","releaseUser":{"email":"admoseremic@gmail.com","imageUrl":"https://lh3.googleusercontent.com/a/ACg8ocJSGOadFTnXQVPP3hzQtWx3WKaOR3bOf7tDysuFjznlwivmQXcn"}}
[debug] [2024-10-06T14:45:43.907Z] [hosting] release: {"name":"projects/441105165656/sites/summit-games-a1f9f/channels/live/releases/1728225943142000","version":{"name":"projects/441105165656/sites/summit-games-a1f9f/versions/d9ef4eafa751536b","status":"FINALIZED","config":{},"labels":{"deployment-tool":"cli-firebase"},"createTime":"2024-10-06T14:45:41.366712Z","createUser":{"email":"admoseremic@gmail.com","imageUrl":"https://lh3.googleusercontent.com/a/ACg8ocJSGOadFTnXQVPP3hzQtWx3WKaOR3bOf7tDysuFjznlwivmQXcn"},"finalizeTime":"2024-10-06T14:45:43.057451Z","finalizeUser":{"email":"admoseremic@gmail.com","imageUrl":"https://lh3.googleusercontent.com/a/ACg8ocJSGOadFTnXQVPP3hzQtWx3WKaOR3bOf7tDysuFjznlwivmQXcn"}},"type":"DEPLOY","releaseTime":"2024-10-06T14:45:43.142Z","releaseUser":{"email":"admoseremic@gmail.com","imageUrl":"https://lh3.googleusercontent.com/a/ACg8ocJSGOadFTnXQVPP3hzQtWx3WKaOR3bOf7tDysuFjznlwivmQXcn"}}
[info] ✔  hosting[summit-games-a1f9f]: release complete 
[info] 
[info] ✔  Deploy complete! 
[info] 
[info] Project Console: https://console.firebase.google.com/project/summit-games-a1f9f/overview
[info] Hosting URL: https://summit-games-a1f9f.web.app
